Сборка начата 07.03.2024 17:34:06.
Уровень детализации журнала: Normal.     1>Проект "D:\User\Desktop\StudyAtBSTU\Course_2\Semester_4\Subjects\Mathematical programming\LBR_03\Solution\LBR_03\LBR_03.vcxproj" в узле 2 (целевые объекты Build).
     1>InitializeBuildStatus:
         Создание "Debug\LBR_03.tlog\unsuccessfulbuild", так как было задано "AlwaysCreate".
         Обращение к "Debug\LBR_03.tlog\unsuccessfulbuild".
       ClCompile:
         C:\Program Files\Microsoft Visual Studio\2022\Community\VC\Tools\MSVC\14.37.32822\bin\HostX86\x86\CL.exe /c /ZI /JMC /nologo /W3 /WX- /diagnostics:column /sdl /Od /Oy- /D WIN32 /D _DEBUG /D _CONSOLE /D _UNICODE /D UNICODE /Gm- /EHsc /RTC1 /MDd /GS /fp:precise /Zc:wchar_t /Zc:forScope /Zc:inline /permissive- /Fo"Debug\\" /Fd"Debug\vc143.pdb" /external:W3 /Gd /TP /analyze- /FC /errorReport:prompt Main.cpp
         Main.cpp
       Link:
         C:\Program Files\Microsoft Visual Studio\2022\Community\VC\Tools\MSVC\14.37.32822\bin\HostX86\x86\link.exe /ERRORREPORT:PROMPT /OUT:"D:\User\Desktop\StudyAtBSTU\Course_2\Semester_4\Subjects\Mathematical programming\LBR_03\Solution\LBR_03\Debug\LBR_03.exe" /INCREMENTAL /ILK:"Debug\LBR_03.ilk" /NOLOGO kernel32.lib user32.lib gdi32.lib winspool.lib comdlg32.lib advapi32.lib shell32.lib ole32.lib oleaut32.lib uuid.lib odbc32.lib odbccp32.lib /MANIFEST /MANIFESTUAC:"level='asInvoker' uiAccess='false'" /manifest:embed /DEBUG /PDB:"D:\User\Desktop\StudyAtBSTU\Course_2\Semester_4\Subjects\Mathematical programming\LBR_03\Solution\LBR_03\Debug\LBR_03.pdb" /SUBSYSTEM:CONSOLE /TLBID:1 /DYNAMICBASE /NXCOMPAT /IMPLIB:"D:\User\Desktop\StudyAtBSTU\Course_2\Semester_4\Subjects\Mathematical programming\LBR_03\Solution\LBR_03\Debug\LBR_03.lib" /MACHINE:X86 Debug\Main.obj
         Debug\Salesman.obj
         Debug\Rearrangement.obj
         LBR_03.vcxproj -> D:\User\Desktop\StudyAtBSTU\Course_2\Semester_4\Subjects\Mathematical programming\LBR_03\Solution\LBR_03\Debug\LBR_03.exe
       FinalizeBuildStatus:
         Файл "Debug\LBR_03.tlog\unsuccessfulbuild" удаляется.
         Обращение к "Debug\LBR_03.tlog\LBR_03.lastbuildstate".
     1>Сборка проекта "D:\User\Desktop\StudyAtBSTU\Course_2\Semester_4\Subjects\Mathematical programming\LBR_03\Solution\LBR_03\LBR_03.vcxproj" завершена (целевые объекты Build).

Сборка успешно завершена.
    Предупреждений: 0
    Ошибок: 0

Прошло времени 00:00:01.24
